生成启动时间为 2016/3/10 星期四 17:01:58。
     1>项目“E:\windowsPractice\PlanePlane\PlanePlane\PlanePlane.vcxproj”在节点 2 上(Build 个目标)。
     1>ClCompile:
         E:\vs\VC\bin\CL.exe /c /ZI /nologo /W3 /WX- /Od /Oy- /D WIN32 /D _DEBUG /D _WINDOWS /D _VC80_UPGRADE=0x0710 /D _MBCS /Gm- /EHsc /RTC1 /MTd /GS /fp:precise /Zc:wchar_t /Zc:forScope /Zc:inline /Fo".\Debug/" /Fd".\Debug/vc140.pdb" /Gd /TP /analyze- /errorReport:prompt MyGame.cpp
         MyGame.cpp
     1>e:\windowspractice\planeplane\planeplane\mygame.cpp(59): warning C4244: “初始化”: 从“double”转换到“DWORD”，可能丢失数据
     1>e:\windowspractice\planeplane\planeplane\mygame.cpp(60): warning C4244: “初始化”: 从“double”转换到“DWORD”，可能丢失数据
     1>e:\windowspractice\planeplane\planeplane\mygame.cpp(407): warning C4244: “=”: 从“double”转换到“float”，可能丢失数据
     1>e:\windowspractice\planeplane\planeplane\mygame.cpp(408): warning C4244: “=”: 从“int”转换到“float”，可能丢失数据
     1>e:\windowspractice\planeplane\planeplane\mygame.cpp(424): warning C4552: “-”: 运算符不起任何作用；应输入带副作用的运算符
     1>e:\windowspractice\planeplane\planeplane\mygame.cpp(482): warning C4244: “参数”: 从“time_t”转换到“unsigned int”，可能丢失数据
     1>e:\windowspractice\planeplane\planeplane\mygame.cpp(534): warning C4305: “=”: 从“double”到“float”截断
       Link:
         E:\vs\VC\bin\link.exe /ERRORREPORT:PROMPT /OUT:"E:\windowsPractice\PlanePlane\Debug\PlanePlane.exe" /INCREMENTAL /NOLOGO kernel32.lib user32.lib gdi32.lib winspool.lib comdlg32.lib advapi32.lib shell32.lib ole32.lib oleaut32.lib uuid.lib odbc32.lib odbccp32.lib /MANIFEST /MANIFESTUAC:"level='asInvoker' uiAccess='false'" /manifest:embed /Debug /PDB:"Debug/PlanePlane.pdb" /SUBSYSTEM:WINDOWS /TLBID:1 /DYNAMICBASE:NO /IMPLIB:"E:\windowsPractice\PlanePlane\Debug\PlanePlane.lib" /MACHINE:X86 /SAFESEH .\Debug/MyDirectX.obj
         .\Debug/MyGame.obj
         .\Debug/MySocket.obj
         .\Debug/MyWindows.obj
     1>MyDirectX.obj : warning LNK4075: 忽略“/EDITANDCONTINUE”(由于“/OPT:LBR”规范)
         PlanePlane.vcxproj -> E:\windowsPractice\PlanePlane\Debug\PlanePlane.exe
     1>已完成生成项目“E:\windowsPractice\PlanePlane\PlanePlane\PlanePlane.vcxproj”(Build 个目标)的操作。

已成功生成。

已用时间 00:00:02.42
